<?xml version="1.0" encoding="UTF-8"?>
<!-- Generated by org.testng.reporters.JUnitXMLReporter -->
<testsuite ignored="0" hostname="Sayid" failures="0" tests="9" name="Application Page Tests" time="77.01" errors="0" timestamp="2023-10-11T16:27:56 BDT">
  <testcase classname="AutomationLazada.tests.ApplicationPageTests" name="FirstNameFieldCheck" time="9.507"/>
  <testcase classname="AutomationLazada.tests.ApplicationPageTests" name="LastNameFieldCheck" time="9.403"/>
  <testcase classname="AutomationLazada.tests.ApplicationPageTests" name="EmailFieldCheck" time="9.647"/>
  <testcase classname="AutomationLazada.tests.ApplicationPageTests" name="MoblieNumberFieldCheck" time="9.451"/>
  <testcase classname="AutomationLazada.tests.ApplicationPageTests" name="CountryFiledCheck" time="5.298"/>
  <testcase classname="AutomationLazada.tests.ApplicationPageTests" name="StateFieldCheck" time="4.226"/>
  <testcase classname="AutomationLazada.tests.ApplicationPageTests" name="EducationFiled" time="6.239"/>
  <testcase classname="AutomationLazada.tests.ApplicationPageTests" name="LinkedinField" time="12.766"/>
  <testcase classname="AutomationLazada.tests.ApplicationPageTests" name="ApplyReason" time="10.335"/>
</testsuite> <!-- Application Page Tests -->
