<?xml version="1.0" encoding="UTF-8"?>
<!-- Generated by org.testng.reporters.JUnitXMLReporter -->
<testsuite ignored="0" hostname="Sayid" failures="0" tests="4" name="Home Page Tests" time="46.539" errors="0" timestamp="2023-10-11T16:25:36 BDT">
  <testcase classname="AutomationLazada.tests.LazadaHomePageTest" name="loadingTest" time="0.095"/>
  <testcase classname="AutomationLazada.tests.LazadaHomePageTest" name="NavManuTest" time="7.53"/>
  <testcase classname="AutomationLazada.tests.LazadaHomePageTest" name="SuperChargeOutBusinessCountryManuTest" time="29.512"/>
  <testcase classname="AutomationLazada.tests.LazadaHomePageTest" name="ExplorJobsButton" time="6.582"/>
</testsuite> <!-- Home Page Tests -->
