<?xml version="1.0" encoding="UTF-8"?>
<!-- Generated by org.testng.reporters.JUnitXMLReporter -->
<testsuite ignored="0" hostname="Sayid" failures="0" tests="4" name="Home Page loading Test" time="41.665" errors="0" timestamp="2023-10-10T12:28:51 BDT">
  <testcase classname="AutomationLazada.tests.LazadaHomePageTest" name="loadingTest" time="0.063"/>
  <testcase classname="AutomationLazada.tests.LazadaHomePageTest" name="NavManuTest" time="4.834"/>
  <testcase classname="AutomationLazada.tests.LazadaHomePageTest" name="SuperChargeOutBusinessCountryManuTest" time="29.425"/>
  <testcase classname="AutomationLazada.tests.LazadaHomePageTest" name="ExplorJobsButton" time="6.004"/>
</testsuite> <!-- Home Page loading Test -->
